Using pre-set license
Built from '2020.3/china_unity/release' branch; Version is '2020.3.15f2c1 (b25d0e34ed8a) revision 11689230'; Using compiler version '192528614'; Build Type 'Release'
OS: 'Windows 10 Home China; OS build 19042.1466; Version 2009; 64bit' Language: 'zh' Physical Memory: 15776 MB
BatchMode: 1, IsHumanControllingUs: 0, StartBugReporterOnCrash: 0, Is64bit: 1, IsPro: 0

 COMMAND LINE ARGUMENTS:
C:\Program Files\Unity\Hub\Editor\2020.3.15f2c1\Editor\Unity.exe
-adb2
-batchMode
-noUpm
-name
AssetImportWorker0
-projectPath
C:/Users/webDrag0n/Documents/GitHub/Bytedance-Cambrian/UnityProject
-logFile
Logs/AssetImportWorker0.log
-srvPort
55576
Successfully changed project path to: C:/Users/webDrag0n/Documents/GitHub/Bytedance-Cambrian/UnityProject
C:/Users/webDrag0n/Documents/GitHub/Bytedance-Cambrian/UnityProject
Using Asset Import Pipeline V2.
Refreshing native plugins compatible for Editor in 77.96 ms, found 2 plugins.
Preloading 0 native plugins for Editor in 0.00 ms.
Initialize engine version: 2020.3.15f2c1 (b25d0e34ed8a)
[Subsystems] Discovering subsystems at path C:/Program Files/Unity/Hub/Editor/2020.3.15f2c1/Editor/Data/Resources/UnitySubsystems
[Subsystems] Discovering subsystems at path C:/Users/webDrag0n/Documents/GitHub/Bytedance-Cambrian/UnityProject/Assets
GfxDevice: creating device client; threaded=0
Direct3D:
    Version:  Direct3D 11.0 [level 11.1]
    Renderer: NVIDIA GeForce RTX 3050 Laptop GPU (ID=0x25a2)
    Vendor:   
    VRAM:     3991 MB
    Driver:   30.0.15.1123
Shader 'Universal Render Pipeline/Particles/Lit': fallback shader 'Universal Render Pipeline/Particles/SimpleLit' not found
Initialize mono
Mono path[0] = 'C:/Program Files/Unity/Hub/Editor/2020.3.15f2c1/Editor/Data/Managed'
Mono path[1] = 'C:/Program Files/Unity/Hub/Editor/2020.3.15f2c1/Editor/Data/MonoBleedingEdge/lib/mono/unityjit'
Mono config path = 'C:/Program Files/Unity/Hub/Editor/2020.3.15f2c1/Editor/Data/MonoBleedingEdge/etc'
Using monoOptions --debugger-agent=transport=dt_socket,embedding=1,server=y,suspend=n,address=127.0.0.1:56364
Begin MonoManager ReloadAssembly
Registering precompiled unity dll's ...
Register platform support module: C:/Program Files/Unity/Hub/Editor/2020.3.15f2c1/Editor/Data/PlaybackEngines/WindowsStandaloneSupport/UnityEditor.WindowsStandalone.Extensions.dll
Registered in 0.002197 seconds.
Native extension for WindowsStandalone target not found
Refreshing native plugins compatible for Editor in 56.25 ms, found 2 plugins.
Preloading 0 native plugins for Editor in 0.00 ms.
Mono: successfully reloaded assembly
- Completed reload, in  1.617 seconds
Domain Reload Profiling:
	ReloadAssembly (1618ms)
		BeginReloadAssembly (55ms)
			ExecutionOrderSort (0ms)
			DisableScriptedObjects (0ms)
			BackupInstance (0ms)
			ReleaseScriptingObjects (0ms)
			CreateAndSetChildDomain (1ms)
		EndReloadAssembly (420ms)
			LoadAssemblies (53ms)
			RebuildTransferFunctionScriptingTraits (0ms)
			SetupTypeCache (135ms)
			ReleaseScriptCaches (0ms)
			RebuildScriptCaches (28ms)
			SetupLoadedEditorAssemblies (189ms)
				LogAssemblyErrors (0ms)
				InitializePlatformSupportModulesInManaged (4ms)
				SetLoadedEditorAssemblies (0ms)
				RefreshPlugins (56ms)
				BeforeProcessingInitializeOnLoad (14ms)
				ProcessInitializeOnLoadAttributes (84ms)
				ProcessInitializeOnLoadMethodAttributes (30ms)
				AfterProcessingInitializeOnLoad (0ms)
				EditorAssembliesLoaded (0ms)
			ExecutionOrderSort2 (0ms)
			AwakeInstancesAfterBackupRestoration (0ms)
Platform modules already initialized, skipping
Registering precompiled user dll's ...
Registered in 0.005407 seconds.
Begin MonoManager ReloadAssembly
Native extension for WindowsStandalone target not found
Refreshing native plugins compatible for Editor in 59.17 ms, found 2 plugins.
Preloading 0 native plugins for Editor in 0.00 ms.
Mono: successfully reloaded assembly
- Completed reload, in  1.460 seconds
Domain Reload Profiling:
	ReloadAssembly (1461ms)
		BeginReloadAssembly (141ms)
			ExecutionOrderSort (0ms)
			DisableScriptedObjects (5ms)
			BackupInstance (0ms)
			ReleaseScriptingObjects (0ms)
			CreateAndSetChildDomain (22ms)
		EndReloadAssembly (1253ms)
			LoadAssemblies (101ms)
			RebuildTransferFunctionScriptingTraits (0ms)
			SetupTypeCache (296ms)
			ReleaseScriptCaches (1ms)
			RebuildScriptCaches (49ms)
			SetupLoadedEditorAssemblies (695ms)
				LogAssemblyErrors (0ms)
				InitializePlatformSupportModulesInManaged (5ms)
				SetLoadedEditorAssemblies (0ms)
				RefreshPlugins (59ms)
				BeforeProcessingInitializeOnLoad (103ms)
				ProcessInitializeOnLoadAttributes (514ms)
				ProcessInitializeOnLoadMethodAttributes (5ms)
				AfterProcessingInitializeOnLoad (8ms)
				EditorAssembliesLoaded (0ms)
			ExecutionOrderSort2 (0ms)
			AwakeInstancesAfterBackupRestoration (7ms)
Platform modules already initialized, skipping
========================================================================
Worker process is ready to serve import requests
Shader 'Universal Render Pipeline/Particles/Lit': fallback shader 'Universal Render Pipeline/Particles/SimpleLit' not found
Launched and connected shader compiler UnityShaderCompiler.exe after 0.11 seconds
Refreshing native plugins compatible for Editor in 1.25 ms, found 2 plugins.
Preloading 0 native plugins for Editor in 0.00 ms.
Unloading 3095 Unused Serialized files (Serialized files now loaded: 0)
System memory in use before: 140.8 MB.
System memory in use after: 140.9 MB.

Unloading 20 unused Assets to reduce memory usage. Loaded Objects now: 3531.
Total: 4.113100 ms (FindLiveObjects: 0.357800 ms CreateObjectMapping: 0.103100 ms MarkObjects: 3.498000 ms  DeleteObjects: 0.152400 ms)

AssetImportParameters requested are different than current active one (requested -> active):
  custom:framework-win-MediaFoundation: 216162199b28c13a410421893ffa2e32 -> 
  custom:video-decoder-ogg-theora: a1e56fd34408186e4bbccfd4996cb3dc -> 
  custom:container-muxer-webm: aa71ff27fc2769a1b78a27578f13a17b -> 
  custom:container-demuxer-webm: 4f35f7cbe854078d1ac9338744f61a02 -> 
  custom:container-demuxer-ogg: 62fdf1f143b41e24485cea50d1cbac27 -> 
  custom:video-encoder-webm-vp8: eb34c28f22e8b96e1ab97ce403110664 -> 
  custom:video-codec-MediaFoundation-h265: 746d11721c4dcdbdad8f713fa42b33f4 -> 
  custom:video-decoder-webm-vp8: 9c59270c3fd7afecdb556c50c9e8de78 -> 
  custom:audio-decoder-ogg-vorbis: bf7c407c2cedff20999df2af8eb42d56 -> 
  custom:audio-encoder-webm-vorbis: bf7c407c2cedff20999df2af8eb42d56 -> 
========================================================================
Received Import Request.
  path: Assets/Prefabs/GameUI.prefab
  artifactKey: Guid(a9b53354d47632e46a60327fb7f2f377) Importer(815301076,1909f56bfc062723c751e8b465ee728b)
Start importing Assets/Prefabs/GameUI.prefab using Guid(a9b53354d47632e46a60327fb7f2f377) Importer(815301076,1909f56bfc062723c751e8b465ee728b)  -> (artifact id: '14d414f8277ec44efd01191b0bdfa13a') in 0.199566 seconds 
  Import took 0.207296 seconds .

========================================================================
Received Import Request.
  Time since last request: 0.000392 seconds.
  path: Assets/Prefabs/LittleLight.prefab
  artifactKey: Guid(93d29873fd4e50143bce7f4db22d5caa) Importer(815301076,1909f56bfc062723c751e8b465ee728b)
Start importing Assets/Prefabs/LittleLight.prefab using Guid(93d29873fd4e50143bce7f4db22d5caa) Importer(815301076,1909f56bfc062723c751e8b465ee728b)  -> (artifact id: 'c5b9d10cb48ac34d4b374c5a7ddaa718') in 0.640483 seconds 
  Import took 0.646656 seconds .

========================================================================
Received Import Request.
  Time since last request: 0.000336 seconds.
  path: Assets/Prefabs/Torii.prefab
  artifactKey: Guid(7aaf2c16982cbed4590e882de78f7754) Importer(815301076,1909f56bfc062723c751e8b465ee728b)
Start importing Assets/Prefabs/Torii.prefab using Guid(7aaf2c16982cbed4590e882de78f7754) Importer(815301076,1909f56bfc062723c751e8b465ee728b)  -> (artifact id: '4d8559de1ac41a8bf141daf2f97d0bdb') in 0.022961 seconds 
  Import took 0.029128 seconds .

========================================================================
Received Import Request.
  Time since last request: 0.000348 seconds.
  path: Assets/Prefabs/Torii.mat
  artifactKey: Guid(23df8072cc7ddb44fa8410fbd91bb3ca) Importer(815301076,1909f56bfc062723c751e8b465ee728b)
Start importing Assets/Prefabs/Torii.mat using Guid(23df8072cc7ddb44fa8410fbd91bb3ca) Importer(815301076,1909f56bfc062723c751e8b465ee728b)  -> (artifact id: 'dd0d2bbb9d87b441f3ee0c3873a546b9') in 0.046653 seconds 
  Import took 0.052873 seconds .

========================================================================
Received Import Request.
  Time since last request: 0.000342 seconds.
  path: Assets/Prefabs/Spaceship02 Variant.prefab
  artifactKey: Guid(1f928f88c9a6fac49b4015eacf553913) Importer(815301076,1909f56bfc062723c751e8b465ee728b)
Start importing Assets/Prefabs/Spaceship02 Variant.prefab using Guid(1f928f88c9a6fac49b4015eacf553913) Importer(815301076,1909f56bfc062723c751e8b465ee728b)  -> (artifact id: 'd0b986393734b9f0c043b9bf28d9652e') in 0.011854 seconds 
  Import took 0.018303 seconds .

========================================================================
Received Import Request.
  Time since last request: 0.000401 seconds.
  path: Assets/Prefabs/Spaceship01 Variant.prefab
  artifactKey: Guid(b94487b8473079f44958b9a3c1f77d29) Importer(815301076,1909f56bfc062723c751e8b465ee728b)
Start importing Assets/Prefabs/Spaceship01 Variant.prefab using Guid(b94487b8473079f44958b9a3c1f77d29) Importer(815301076,1909f56bfc062723c751e8b465ee728b)  -> (artifact id: '70503ccbc1393dbecc765c822b7c183d') in 0.286785 seconds 
  Import took 0.293103 seconds .

========================================================================
Received Import Request.
  Time since last request: 230.166241 seconds.
  path: Assets/Font
  artifactKey: Guid(db983bf227ddb3241a181c3ec7d93b67) Importer(815301076,1909f56bfc062723c751e8b465ee728b)
Start importing Assets/Font using Guid(db983bf227ddb3241a181c3ec7d93b67) Importer(815301076,1909f56bfc062723c751e8b465ee728b)  -> (artifact id: '26b6e9335285d455fc208015f3f9e9d9') in 0.008889 seconds 
  Import took 0.019187 seconds .

========================================================================
Received Import Request.
  Time since last request: 0.132877 seconds.
  path: Assets/Font/GNUUnifont9FullHintInstrUCSUR SDF.asset
  artifactKey: Guid(c0a91e8f14128d54c84f440ff87687b7) Importer(815301076,1909f56bfc062723c751e8b465ee728b)
Start importing Assets/Font/GNUUnifont9FullHintInstrUCSUR SDF.asset using Guid(c0a91e8f14128d54c84f440ff87687b7) Importer(815301076,1909f56bfc062723c751e8b465ee728b)  -> (artifact id: 'add3079486cf4dbae229f6764b3fe2e2') in 0.133043 seconds 
  Import took 0.145145 seconds .

========================================================================
Received Import Request.
  Time since last request: 0.000366 seconds.
  path: Assets/Font/GNUUnifont9FullHintInstrUCSUR.ttf
  artifactKey: Guid(4094182b078d18e4da2932cf9ee0f9c3) Importer(815301076,1909f56bfc062723c751e8b465ee728b)
Start importing Assets/Font/GNUUnifont9FullHintInstrUCSUR.ttf using Guid(4094182b078d18e4da2932cf9ee0f9c3) Importer(815301076,1909f56bfc062723c751e8b465ee728b)  -> (artifact id: 'cbbd72a0e4bc1487d17b198a9c311833') in 0.053802 seconds 
  Import took 0.061920 seconds .

AssetImportWorkerClient::OnTransportError - code=2 error=End of file
