Using pre-set license
Built from '2020.3/china_unity/release' branch; Version is '2020.3.15f2c1 (b25d0e34ed8a) revision 11689230'; Using compiler version '192528614'; Build Type 'Release'
OS: 'Windows 10 Home China; OS build 19042.1466; Version 2009; 64bit' Language: 'zh' Physical Memory: 15776 MB
BatchMode: 1, IsHumanControllingUs: 0, StartBugReporterOnCrash: 0, Is64bit: 1, IsPro: 0

 COMMAND LINE ARGUMENTS:
C:\Program Files\Unity\Hub\Editor\2020.3.15f2c1\Editor\Unity.exe
-adb2
-batchMode
-noUpm
-name
AssetImportWorker0
-projectPath
C:/Users/webDrag0n/Documents/GitHub/Bytedance-Cambrian/UnityProject
-logFile
Logs/AssetImportWorker0.log
-srvPort
53865
Successfully changed project path to: C:/Users/webDrag0n/Documents/GitHub/Bytedance-Cambrian/UnityProject
C:/Users/webDrag0n/Documents/GitHub/Bytedance-Cambrian/UnityProject
Using Asset Import Pipeline V2.
Refreshing native plugins compatible for Editor in 56.75 ms, found 2 plugins.
Preloading 0 native plugins for Editor in 0.00 ms.
Initialize engine version: 2020.3.15f2c1 (b25d0e34ed8a)
[Subsystems] Discovering subsystems at path C:/Program Files/Unity/Hub/Editor/2020.3.15f2c1/Editor/Data/Resources/UnitySubsystems
[Subsystems] Discovering subsystems at path C:/Users/webDrag0n/Documents/GitHub/Bytedance-Cambrian/UnityProject/Assets
GfxDevice: creating device client; threaded=0
Direct3D:
    Version:  Direct3D 11.0 [level 11.1]
    Renderer: NVIDIA GeForce RTX 3050 Laptop GPU (ID=0x25a2)
    Vendor:   
    VRAM:     3991 MB
    Driver:   30.0.15.1123
Shader 'Universal Render Pipeline/Particles/Lit': fallback shader 'Universal Render Pipeline/Particles/SimpleLit' not found
Initialize mono
Mono path[0] = 'C:/Program Files/Unity/Hub/Editor/2020.3.15f2c1/Editor/Data/Managed'
Mono path[1] = 'C:/Program Files/Unity/Hub/Editor/2020.3.15f2c1/Editor/Data/MonoBleedingEdge/lib/mono/unityjit'
Mono config path = 'C:/Program Files/Unity/Hub/Editor/2020.3.15f2c1/Editor/Data/MonoBleedingEdge/etc'
Using monoOptions --debugger-agent=transport=dt_socket,embedding=1,server=y,suspend=n,address=127.0.0.1:56392
Begin MonoManager ReloadAssembly
Registering precompiled unity dll's ...
Register platform support module: C:/Program Files/Unity/Hub/Editor/2020.3.15f2c1/Editor/Data/PlaybackEngines/WindowsStandaloneSupport/UnityEditor.WindowsStandalone.Extensions.dll
Registered in 0.002354 seconds.
Native extension for WindowsStandalone target not found
Refreshing native plugins compatible for Editor in 55.68 ms, found 2 plugins.
Preloading 0 native plugins for Editor in 0.00 ms.
Mono: successfully reloaded assembly
- Completed reload, in  2.778 seconds
Domain Reload Profiling:
	ReloadAssembly (2779ms)
		BeginReloadAssembly (55ms)
			ExecutionOrderSort (0ms)
			DisableScriptedObjects (0ms)
			BackupInstance (0ms)
			ReleaseScriptingObjects (0ms)
			CreateAndSetChildDomain (1ms)
		EndReloadAssembly (430ms)
			LoadAssemblies (53ms)
			RebuildTransferFunctionScriptingTraits (0ms)
			SetupTypeCache (145ms)
			ReleaseScriptCaches (0ms)
			RebuildScriptCaches (29ms)
			SetupLoadedEditorAssemblies (187ms)
				LogAssemblyErrors (0ms)
				InitializePlatformSupportModulesInManaged (4ms)
				SetLoadedEditorAssemblies (0ms)
				RefreshPlugins (56ms)
				BeforeProcessingInitializeOnLoad (14ms)
				ProcessInitializeOnLoadAttributes (86ms)
				ProcessInitializeOnLoadMethodAttributes (27ms)
				AfterProcessingInitializeOnLoad (0ms)
				EditorAssembliesLoaded (0ms)
			ExecutionOrderSort2 (0ms)
			AwakeInstancesAfterBackupRestoration (0ms)
Platform modules already initialized, skipping
Registering precompiled user dll's ...
Registered in 0.007558 seconds.
Begin MonoManager ReloadAssembly
Native extension for WindowsStandalone target not found
Refreshing native plugins compatible for Editor in 58.50 ms, found 2 plugins.
Preloading 0 native plugins for Editor in 0.00 ms.
Mono: successfully reloaded assembly
- Completed reload, in  1.429 seconds
Domain Reload Profiling:
	ReloadAssembly (1430ms)
		BeginReloadAssembly (137ms)
			ExecutionOrderSort (0ms)
			DisableScriptedObjects (5ms)
			BackupInstance (0ms)
			ReleaseScriptingObjects (0ms)
			CreateAndSetChildDomain (20ms)
		EndReloadAssembly (1231ms)
			LoadAssemblies (94ms)
			RebuildTransferFunctionScriptingTraits (0ms)
			SetupTypeCache (290ms)
			ReleaseScriptCaches (1ms)
			RebuildScriptCaches (49ms)
			SetupLoadedEditorAssemblies (685ms)
				LogAssemblyErrors (0ms)
				InitializePlatformSupportModulesInManaged (4ms)
				SetLoadedEditorAssemblies (0ms)
				RefreshPlugins (59ms)
				BeforeProcessingInitializeOnLoad (98ms)
				ProcessInitializeOnLoadAttributes (511ms)
				ProcessInitializeOnLoadMethodAttributes (5ms)
				AfterProcessingInitializeOnLoad (7ms)
				EditorAssembliesLoaded (0ms)
			ExecutionOrderSort2 (0ms)
			AwakeInstancesAfterBackupRestoration (7ms)
Platform modules already initialized, skipping
========================================================================
Worker process is ready to serve import requests
Shader 'Universal Render Pipeline/Particles/Lit': fallback shader 'Universal Render Pipeline/Particles/SimpleLit' not found
Launched and connected shader compiler UnityShaderCompiler.exe after 0.11 seconds
Refreshing native plugins compatible for Editor in 0.84 ms, found 2 plugins.
Preloading 0 native plugins for Editor in 0.00 ms.
Unloading 3095 Unused Serialized files (Serialized files now loaded: 0)
System memory in use before: 140.8 MB.
System memory in use after: 140.9 MB.

Unloading 20 unused Assets to reduce memory usage. Loaded Objects now: 3531.
Total: 3.744500 ms (FindLiveObjects: 0.330600 ms CreateObjectMapping: 0.101300 ms MarkObjects: 3.155600 ms  DeleteObjects: 0.156000 ms)

AssetImportParameters requested are different than current active one (requested -> active):
  custom:framework-win-MediaFoundation: 216162199b28c13a410421893ffa2e32 -> 
  custom:video-decoder-ogg-theora: a1e56fd34408186e4bbccfd4996cb3dc -> 
  custom:container-muxer-webm: aa71ff27fc2769a1b78a27578f13a17b -> 
  custom:container-demuxer-webm: 4f35f7cbe854078d1ac9338744f61a02 -> 
  custom:container-demuxer-ogg: 62fdf1f143b41e24485cea50d1cbac27 -> 
  custom:video-encoder-webm-vp8: eb34c28f22e8b96e1ab97ce403110664 -> 
  custom:video-codec-MediaFoundation-h265: 746d11721c4dcdbdad8f713fa42b33f4 -> 
  custom:video-decoder-webm-vp8: 9c59270c3fd7afecdb556c50c9e8de78 -> 
  custom:audio-decoder-ogg-vorbis: bf7c407c2cedff20999df2af8eb42d56 -> 
  custom:audio-encoder-webm-vorbis: bf7c407c2cedff20999df2af8eb42d56 -> 
========================================================================
Received Import Request.
  path: Assets/Scripts
  artifactKey: Guid(02a3527b6b33a924e8ec66aa805ea717) Importer(815301076,1909f56bfc062723c751e8b465ee728b)
Start importing Assets/Scripts using Guid(02a3527b6b33a924e8ec66aa805ea717) Importer(815301076,1909f56bfc062723c751e8b465ee728b)  -> (artifact id: '3d22bec3b2937c29cd085e1506c06094') in 0.013261 seconds 
  Import took 0.019062 seconds .

========================================================================
Received Import Request.
  Time since last request: 4.810614 seconds.
  path: Assets/Scripts/MiniGames
  artifactKey: Guid(80dc789b5545cc644981972b4a690364) Importer(815301076,1909f56bfc062723c751e8b465ee728b)
Start importing Assets/Scripts/MiniGames using Guid(80dc789b5545cc644981972b4a690364) Importer(815301076,1909f56bfc062723c751e8b465ee728b)  -> (artifact id: 'f45a8e2fdcc9e6f580a9faf5004c8a11') in 0.010707 seconds 
  Import took 0.017986 seconds .

========================================================================
Received Import Request.
  Time since last request: 0.013054 seconds.
  path: Assets/Scripts/MiniGames
  artifactKey: Guid(80dc789b5545cc644981972b4a690364) Importer(815301076,1909f56bfc062723c751e8b465ee728b)
Start importing Assets/Scripts/MiniGames using Guid(80dc789b5545cc644981972b4a690364) Importer(815301076,1909f56bfc062723c751e8b465ee728b)  -> (artifact id: 'f45a8e2fdcc9e6f580a9faf5004c8a11') in 0.005191 seconds 
  Import took 0.012330 seconds .

========================================================================
Received Import Request.
  Time since last request: 3.724291 seconds.
  path: Assets/Scripts/GameCore
  artifactKey: Guid(010e2c1d32aa06640bdb9cc533223ca0) Importer(815301076,1909f56bfc062723c751e8b465ee728b)
Start importing Assets/Scripts/GameCore using Guid(010e2c1d32aa06640bdb9cc533223ca0) Importer(815301076,1909f56bfc062723c751e8b465ee728b)  -> (artifact id: '03821efb2a977f40a56d322326e615b6') in 0.007392 seconds 
  Import took 0.012945 seconds .

========================================================================
Received Import Request.
  Time since last request: 3.848623 seconds.
  path: Assets/Scripts/GameCore/ScriptLoad.cs
  artifactKey: Guid(604cb899c19f1884f8cced5eaeaae7a4) Importer(815301076,1909f56bfc062723c751e8b465ee728b)
Start importing Assets/Scripts/GameCore/ScriptLoad.cs using Guid(604cb899c19f1884f8cced5eaeaae7a4) Importer(815301076,1909f56bfc062723c751e8b465ee728b)  -> (artifact id: '70fa13b399627841d2c622cdc651c27f') in 0.023264 seconds 
  Import took 0.029424 seconds .

========================================================================
Received Import Request.
  Time since last request: 0.004911 seconds.
  path: Assets/Scripts/GameCore/ScriptLoad.cs
  artifactKey: Guid(604cb899c19f1884f8cced5eaeaae7a4) Importer(815301076,1909f56bfc062723c751e8b465ee728b)
Start importing Assets/Scripts/GameCore/ScriptLoad.cs using Guid(604cb899c19f1884f8cced5eaeaae7a4) Importer(815301076,1909f56bfc062723c751e8b465ee728b)  -> (artifact id: '70fa13b399627841d2c622cdc651c27f') in 0.003132 seconds 
  Import took 0.008551 seconds .

========================================================================
Received Import Request.
  Time since last request: 5.662857 seconds.
  path: Assets/Scripts/GameCore/ScriptPrint.cs
  artifactKey: Guid(1171d7fddfdb50b439d254d62cebfbe2) Importer(815301076,1909f56bfc062723c751e8b465ee728b)
Start importing Assets/Scripts/GameCore/ScriptPrint.cs using Guid(1171d7fddfdb50b439d254d62cebfbe2) Importer(815301076,1909f56bfc062723c751e8b465ee728b)  -> (artifact id: 'ddd48d5a95db560e3cc663d169914500') in 0.007979 seconds 
  Import took 0.014195 seconds .

========================================================================
Received Import Request.
  Time since last request: 0.016337 seconds.
  path: Assets/Scripts/GameCore/ScriptPrint.cs
  artifactKey: Guid(1171d7fddfdb50b439d254d62cebfbe2) Importer(815301076,1909f56bfc062723c751e8b465ee728b)
Start importing Assets/Scripts/GameCore/ScriptPrint.cs using Guid(1171d7fddfdb50b439d254d62cebfbe2) Importer(815301076,1909f56bfc062723c751e8b465ee728b)  -> (artifact id: 'ddd48d5a95db560e3cc663d169914500') in 0.003235 seconds 
  Import took 0.008752 seconds .

========================================================================
Received Import Request.
  Time since last request: 7.705319 seconds.
  path: Assets/Scripts/GameCore/PlayerInfoStorage.cs
  artifactKey: Guid(c40e8c34389a5f14dac760e1c3455fd1) Importer(815301076,1909f56bfc062723c751e8b465ee728b)
Start importing Assets/Scripts/GameCore/PlayerInfoStorage.cs using Guid(c40e8c34389a5f14dac760e1c3455fd1) Importer(815301076,1909f56bfc062723c751e8b465ee728b)  -> (artifact id: 'a670697203f37b2819bfae81b1d55266') in 0.007860 seconds 
  Import took 0.014524 seconds .

========================================================================
Received Prepare
Shader 'Universal Render Pipeline/Particles/Lit': fallback shader 'Universal Render Pipeline/Particles/SimpleLit' not found
Refreshing native plugins compatible for Editor in 4.56 ms, found 2 plugins.
Preloading 0 native plugins for Editor in 0.00 ms.
Unloading 13 Unused Serialized files (Serialized files now loaded: 0)
System memory in use before: 72.2 MB.
System memory in use after: 72.4 MB.

Unloading 13 unused Assets to reduce memory usage. Loaded Objects now: 3531.
Total: 4.818600 ms (FindLiveObjects: 0.378600 ms CreateObjectMapping: 0.127900 ms MarkObjects: 4.188300 ms  DeleteObjects: 0.122600 ms)

AssetImportParameters requested are different than current active one (requested -> active):
  custom:framework-win-MediaFoundation: 216162199b28c13a410421893ffa2e32 -> 
  custom:video-decoder-ogg-theora: a1e56fd34408186e4bbccfd4996cb3dc -> 
  custom:container-muxer-webm: aa71ff27fc2769a1b78a27578f13a17b -> 
  custom:container-demuxer-webm: 4f35f7cbe854078d1ac9338744f61a02 -> 
  custom:container-demuxer-ogg: 62fdf1f143b41e24485cea50d1cbac27 -> 
  custom:video-encoder-webm-vp8: eb34c28f22e8b96e1ab97ce403110664 -> 
  custom:video-codec-MediaFoundation-h265: 746d11721c4dcdbdad8f713fa42b33f4 -> 
  custom:video-decoder-webm-vp8: 9c59270c3fd7afecdb556c50c9e8de78 -> 
  custom:audio-decoder-ogg-vorbis: bf7c407c2cedff20999df2af8eb42d56 -> 
  custom:audio-encoder-webm-vorbis: bf7c407c2cedff20999df2af8eb42d56 -> 
========================================================================
Received Import Request.
  Time since last request: 49.088099 seconds.
  path: Assets/Scripts/GameCore/ScriptStorage.cs
  artifactKey: Guid(5f73fae4b0fdacd4fab725481722e3ed) Importer(815301076,1909f56bfc062723c751e8b465ee728b)
Start importing Assets/Scripts/GameCore/ScriptStorage.cs using Guid(5f73fae4b0fdacd4fab725481722e3ed) Importer(815301076,1909f56bfc062723c751e8b465ee728b)  -> (artifact id: '6d7f163487dcd957e8336f3ec69e27fb') in 0.007803 seconds 
  Import took 0.014486 seconds .

========================================================================
Received Import Request.
  Time since last request: 0.033462 seconds.
  path: Assets/Scripts/GameCore/ScriptStorage.cs
  artifactKey: Guid(5f73fae4b0fdacd4fab725481722e3ed) Importer(815301076,1909f56bfc062723c751e8b465ee728b)
Start importing Assets/Scripts/GameCore/ScriptStorage.cs using Guid(5f73fae4b0fdacd4fab725481722e3ed) Importer(815301076,1909f56bfc062723c751e8b465ee728b)  -> (artifact id: '6d7f163487dcd957e8336f3ec69e27fb') in 0.003430 seconds 
  Import took 0.008963 seconds .

AssetImportWorkerClient::OnTransportError - code=2 error=End of file
